  MainWindow.cpp
C:\Program Files\Microsoft Visual Studio\2022\Community\VC\Tools\MSVC\14.38.33130\include\xstring(2749,53): warning C4244: 'argument' : conversion de 'wchar_t' en 'const _Elem', perte possible de données
C:\Program Files\Microsoft Visual Studio\2022\Community\VC\Tools\MSVC\14.38.33130\include\xstring(2749,53): warning C4244:         with
C:\Program Files\Microsoft Visual Studio\2022\Community\VC\Tools\MSVC\14.38.33130\include\xstring(2749,53): warning C4244:         [
C:\Program Files\Microsoft Visual Studio\2022\Community\VC\Tools\MSVC\14.38.33130\include\xstring(2749,53): warning C4244:             _Elem=char
C:\Program Files\Microsoft Visual Studio\2022\Community\VC\Tools\MSVC\14.38.33130\include\xstring(2749,53): warning C4244:         ]
  (compiler le fichier source 'MainWindow.cpp')
      C:\Program Files\Microsoft Visual Studio\2022\Community\VC\Tools\MSVC\14.38.33130\include\xstring(2749,53):
      le contexte d’instanciation du modèle (le plus ancien) est
          C:\Users\fcomte\Desktop\cour\projet avec Alice\projet avec Alice\MainWindow.cpp(87,32):
          voir la référence à l'instanciation de la fonction modèle 'std::basic_string<char,std::char_traits<char>,std::allocator<char>>::basic_string<std::_String_iterator<std::_String_val<std::_Simple_types<_Elem>>>,0>(_Iter,_Iter,const _Alloc &)' en cours de compilation
          with
          [
              _Elem=wchar_t,
              _Iter=std::_String_iterator<std::_String_val<std::_Simple_types<wchar_t>>>,
              _Alloc=std::allocator<char>
          ]
              C:\Users\fcomte\Desktop\cour\projet avec Alice\projet avec Alice\MainWindow.cpp(87,32):
              voir la première référence à « std::basic_string<char,std::char_traits<char>,std::allocator<char>>::basic_string » dans « MainWindowProc »
          C:\Program Files\Microsoft Visual Studio\2022\Community\VC\Tools\MSVC\14.38.33130\include\xstring(2590,17):
          voir la référence à l'instanciation de la fonction modèle 'void std::basic_string<char,std::char_traits<char>,std::allocator<char>>::_Construct_from_iter<wchar_t*,wchar_t*,_Size_type>(_Iter,const _Sent,_Size)' en cours de compilation
          with
          [
              _Size_type=unsigned __int64,
              _Iter=wchar_t *,
              _Sent=wchar_t *,
              _Size=unsigned __int64
          ]
  
  projet avec Alice.vcxproj -> C:\Users\fcomte\Desktop\cour\projet avec Alice\x64\Debug\projet avec Alice.exe
